<?xml version="1.0" encoding="UTF-8"?>
<!-- Generated by org.testng.reporters.JUnitReportReporter -->
<testsuite skipped="0" hostname="D4J0PT2" name="cucumberOptions.TestRunner" tests="1" failures="0" timestamp="08 Aug 2021 09:35:12 GMT" time="0.072" errors="1">
  <testcase name="setUpClass" time="0.072" classname="cucumberOptions.TestRunner">
    <error type="java.lang.BootstrapMethodError" message="java.lang.NoClassDefFoundError: io/cucumber/core/options/CucumberPropertiesProvider">
      <![CDATA[java.lang.BootstrapMethodError: java.lang.NoClassDefFoundError: io/cucumber/core/options/CucumberPropertiesProvider
	at io.cucumber.testng.TestNGCucumberRunner.<init>(TestNGCucumberRunner.java:90)
	at io.cucumber.testng.TestNGCucumberRunner.<init>(TestNGCucumberRunner.java:66)
	at io.cucumber.testng.AbstractTestNGCucumberTests.setUpClass(AbstractTestNGCucumberTests.java:23)
	at sun.reflect.NativeMethodAccessorImpl.invoke0(Native Method)
	at sun.reflect.NativeMethodAccessorImpl.invoke(Unknown Source)
	at sun.reflect.DelegatingMethodAccessorImpl.invoke(Unknown Source)
	at java.lang.reflect.Method.invoke(Unknown Source)
	at org.testng.internal.MethodInvocationHelper.invokeMethod(MethodInvocationHelper.java:108)
	at org.testng.internal.Invoker.invokeConfigurationMethod(Invoker.java:523)
	at org.testng.internal.Invoker.invokeConfigurations(Invoker.java:224)
	at org.testng.internal.Invoker.invokeConfigurations(Invoker.java:146)
	at org.testng.internal.TestMethodWorker.invokeBeforeClassMethods(TestMethodWorker.java:166)
	at org.testng.internal.TestMethodWorker.run(TestMethodWorker.java:105)
	at org.testng.TestRunner.privateRun(TestRunner.java:744)
	at org.testng.TestRunner.run(TestRunner.java:602)
	at org.testng.SuiteRunner.runTest(SuiteRunner.java:380)
	at org.testng.SuiteRunner.access$000(SuiteRunner.java:39)
	at org.testng.SuiteRunner$SuiteWorker.run(SuiteRunner.java:414)
	at org.testng.internal.thread.ThreadUtil$1.call(ThreadUtil.java:52)
	at java.util.concurrent.FutureTask.run(Unknown Source)
	at java.util.concurrent.ThreadPoolExecutor.runWorker(Unknown Source)
	at java.util.concurrent.ThreadPoolExecutor$Worker.run(Unknown Source)
	at java.lang.Thread.run(Unknown Source)
Caused by: java.lang.NoClassDefFoundError: io/cucumber/core/options/CucumberPropertiesProvider
	... 23 more
Caused by: java.lang.ClassNotFoundException: io.cucumber.core.options.CucumberPropertiesProvider
	at java.net.URLClassLoader.findClass(Unknown Source)
	at java.lang.ClassLoader.loadClass(Unknown Source)
	at sun.misc.Launcher$AppClassLoader.loadClass(Unknown Source)
	at java.lang.ClassLoader.loadClass(Unknown Source)
	... 23 more
]]>
    </error>
  </testcase> <!-- setUpClass -->
</testsuite> <!-- cucumberOptions.TestRunner -->
