<?xml version="1.0" encoding="UTF-8"?>
<!-- Generated by org.testng.reporters.JUnitReportReporter -->
<testsuite skipped="0" hostname="D4J0PT2" name="Academy.ValidateNavbar" tests="1" failures="0" timestamp="08 Jul 2021 02:25:21 GMT" time="0.005" errors="0">
  <testcase name="ValidateNavbarM" time="0.005" classname="Academy.ValidateNavbar"/>
</testsuite> <!-- Academy.ValidateNavbar -->
