<?xml version="1.0" encoding="UTF-8"?>
<!-- Generated by org.testng.reporters.JUnitReportReporter -->
<testsuite skipped="0" hostname="D4J0PT2" name="Academy.Validatetitle" tests="2" failures="0" timestamp="08 Jul 2021 02:25:21 GMT" time="0.112" errors="0">
  <testcase name="vsubtitle" time="0.051" classname="Academy.Validatetitle"/>
  <testcase name="vtitle" time="0.061" classname="Academy.Validatetitle"/>
</testsuite> <!-- Academy.Validatetitle -->
