<?xml version="1.0" encoding="UTF-8"?>
<!-- Generated by org.testng.reporters.JUnitReportReporter -->
<testsuite skipped="0" hostname="D4J0PT2" name="Academy.HomePage" tests="2" failures="0" timestamp="08 Jul 2021 02:25:21 GMT" time="15.078" errors="0">
  <testcase name="basepagenav" time="9.868" classname="Academy.HomePage"/>
  <testcase name="basepagenav" time="5.210" classname="Academy.HomePage"/>
</testsuite> <!-- Academy.HomePage -->
